-------------------------------------------------------------------------------
Test set: fr.takima.training.sampleapplication.IT.StudentControllerTestIT
-------------------------------------------------------------------------------
Tests run: 7, Failures: 0, Errors: 7, Skipped: 0, Time elapsed: 2.601 s <<< FAILURE! - in fr.takima.training.sampleapplication.IT.StudentControllerTestIT
testPostStudent  Time elapsed: 0 s  <<< ERROR!
java.lang.IllegalStateException: Failed to load ApplicationContext
Caused by: org.springframework.beans.factory.BeanCreationException: Error creating bean with name 'embeddedPostgreSql' defined in class path resource [com/playtika/test/postgresql/EmbeddedPostgreSQLBootstrapConfiguration.class]: Bean instantiation via factory method failed; nested exception is org.springframework.beans.BeanInstantiationException: Failed to instantiate [org.testcontainers.containers.GenericContainer]: Factory method 'postgresql' threw exception; nested exception is java.lang.IllegalStateException: Previous attempts to find a Docker environment failed. Will not retry. Please see logs and check configuration
Caused by: org.springframework.beans.BeanInstantiationException: Failed to instantiate [org.testcontainers.containers.GenericContainer]: Factory method 'postgresql' threw exception; nested exception is java.lang.IllegalStateException: Previous attempts to find a Docker environment failed. Will not retry. Please see logs and check configuration
Caused by: java.lang.IllegalStateException: Previous attempts to find a Docker environment failed. Will not retry. Please see logs and check configuration

testUpdateStudent  Time elapsed: 0 s  <<< ERROR!
java.lang.IllegalStateException: Failed to load ApplicationContext
Caused by: org.springframework.beans.factory.BeanCreationException: Error creating bean with name 'embeddedPostgreSql' defined in class path resource [com/playtika/test/postgresql/EmbeddedPostgreSQLBootstrapConfiguration.class]: Bean instantiation via factory method failed; nested exception is org.springframework.beans.BeanInstantiationException: Failed to instantiate [org.testcontainers.containers.GenericContainer]: Factory method 'postgresql' threw exception; nested exception is java.lang.IllegalStateException: Previous attempts to find a Docker environment failed. Will not retry. Please see logs and check configuration
Caused by: org.springframework.beans.BeanInstantiationException: Failed to instantiate [org.testcontainers.containers.GenericContainer]: Factory method 'postgresql' threw exception; nested exception is java.lang.IllegalStateException: Previous attempts to find a Docker environment failed. Will not retry. Please see logs and check configuration
Caused by: java.lang.IllegalStateException: Previous attempts to find a Docker environment failed. Will not retry. Please see logs and check configuration

testPostStudentWithoutDepartment  Time elapsed: 0 s  <<< ERROR!
java.lang.IllegalStateException: Failed to load ApplicationContext
Caused by: org.springframework.beans.factory.BeanCreationException: Error creating bean with name 'embeddedPostgreSql' defined in class path resource [com/playtika/test/postgresql/EmbeddedPostgreSQLBootstrapConfiguration.class]: Bean instantiation via factory method failed; nested exception is org.springframework.beans.BeanInstantiationException: Failed to instantiate [org.testcontainers.containers.GenericContainer]: Factory method 'postgresql' threw exception; nested exception is java.lang.IllegalStateException: Previous attempts to find a Docker environment failed. Will not retry. Please see logs and check configuration
Caused by: org.springframework.beans.BeanInstantiationException: Failed to instantiate [org.testcontainers.containers.GenericContainer]: Factory method 'postgresql' threw exception; nested exception is java.lang.IllegalStateException: Previous attempts to find a Docker environment failed. Will not retry. Please see logs and check configuration
Caused by: java.lang.IllegalStateException: Previous attempts to find a Docker environment failed. Will not retry. Please see logs and check configuration

testGetNonExistingStudentById  Time elapsed: 0 s  <<< ERROR!
java.lang.IllegalStateException: Failed to load ApplicationContext
Caused by: org.springframework.beans.factory.BeanCreationException: Error creating bean with name 'embeddedPostgreSql' defined in class path resource [com/playtika/test/postgresql/EmbeddedPostgreSQLBootstrapConfiguration.class]: Bean instantiation via factory method failed; nested exception is org.springframework.beans.BeanInstantiationException: Failed to instantiate [org.testcontainers.containers.GenericContainer]: Factory method 'postgresql' threw exception; nested exception is java.lang.IllegalStateException: Previous attempts to find a Docker environment failed. Will not retry. Please see logs and check configuration
Caused by: org.springframework.beans.BeanInstantiationException: Failed to instantiate [org.testcontainers.containers.GenericContainer]: Factory method 'postgresql' threw exception; nested exception is java.lang.IllegalStateException: Previous attempts to find a Docker environment failed. Will not retry. Please see logs and check configuration
Caused by: java.lang.IllegalStateException: Previous attempts to find a Docker environment failed. Will not retry. Please see logs and check configuration

testPostStudentWithoutLastName  Time elapsed: 0 s  <<< ERROR!
java.lang.IllegalStateException: Failed to load ApplicationContext
Caused by: org.springframework.beans.factory.BeanCreationException: Error creating bean with name 'embeddedPostgreSql' defined in class path resource [com/playtika/test/postgresql/EmbeddedPostgreSQLBootstrapConfiguration.class]: Bean instantiation via factory method failed; nested exception is org.springframework.beans.BeanInstantiationException: Failed to instantiate [org.testcontainers.containers.GenericContainer]: Factory method 'postgresql' threw exception; nested exception is java.lang.IllegalStateException: Previous attempts to find a Docker environment failed. Will not retry. Please see logs and check configuration
Caused by: org.springframework.beans.BeanInstantiationException: Failed to instantiate [org.testcontainers.containers.GenericContainer]: Factory method 'postgresql' threw exception; nested exception is java.lang.IllegalStateException: Previous attempts to find a Docker environment failed. Will not retry. Please see logs and check configuration
Caused by: java.lang.IllegalStateException: Previous attempts to find a Docker environment failed. Will not retry. Please see logs and check configuration

testDeleteStudent  Time elapsed: 0 s  <<< ERROR!
java.lang.IllegalStateException: Failed to load ApplicationContext
Caused by: org.springframework.beans.factory.BeanCreationException: Error creating bean with name 'embeddedPostgreSql' defined in class path resource [com/playtika/test/postgresql/EmbeddedPostgreSQLBootstrapConfiguration.class]: Bean instantiation via factory method failed; nested exception is org.springframework.beans.BeanInstantiationException: Failed to instantiate [org.testcontainers.containers.GenericContainer]: Factory method 'postgresql' threw exception; nested exception is java.lang.IllegalStateException: Previous attempts to find a Docker environment failed. Will not retry. Please see logs and check configuration
Caused by: org.springframework.beans.BeanInstantiationException: Failed to instantiate [org.testcontainers.containers.GenericContainer]: Factory method 'postgresql' threw exception; nested exception is java.lang.IllegalStateException: Previous attempts to find a Docker environment failed. Will not retry. Please see logs and check configuration
Caused by: java.lang.IllegalStateException: Previous attempts to find a Docker environment failed. Will not retry. Please see logs and check configuration

testGetStudentById  Time elapsed: 0.001 s  <<< ERROR!
java.lang.IllegalStateException: Failed to load ApplicationContext
Caused by: org.springframework.beans.factory.BeanCreationException: Error creating bean with name 'embeddedPostgreSql' defined in class path resource [com/playtika/test/postgresql/EmbeddedPostgreSQLBootstrapConfiguration.class]: Bean instantiation via factory method failed; nested exception is org.springframework.beans.BeanInstantiationException: Failed to instantiate [org.testcontainers.containers.GenericContainer]: Factory method 'postgresql' threw exception; nested exception is java.lang.IllegalStateException: Previous attempts to find a Docker environment failed. Will not retry. Please see logs and check configuration
Caused by: org.springframework.beans.BeanInstantiationException: Failed to instantiate [org.testcontainers.containers.GenericContainer]: Factory method 'postgresql' threw exception; nested exception is java.lang.IllegalStateException: Previous attempts to find a Docker environment failed. Will not retry. Please see logs and check configuration
Caused by: java.lang.IllegalStateException: Previous attempts to find a Docker environment failed. Will not retry. Please see logs and check configuration

